<?xml version="1.0" encoding="utf-8"?><testsuites name="pytest tests"><testsuite name="pytest" errors="0" failures="0" skipped="0" tests="37" time="11.312" timestamp="2026-06-25T06:36:51.243188+00:00" hostname="agent-env-c3fac017-aabe-4e6a-94d2-72a2572f4ef9"><testcase classname="backend.tests.backend_test.TestAuth" name="test_login_success_creator" time="0.728" /><testcase classname="backend.tests.backend_test.TestAuth" name="test_login_success_user" time="0.265" /><testcase classname="backend.tests.backend_test.TestAuth" name="test_login_user_zulkifli" time="0.264" /><testcase classname="backend.tests.backend_test.TestAuth" name="test_login_wrong_password" time="0.262" /><testcase classname="backend.tests.backend_test.TestAuth" name="test_login_unknown_nik" time="0.041" /><testcase classname="backend.tests.backend_test.TestAuth" name="test_me_requires_auth" time="0.093" /><testcase classname="backend.tests.backend_test.TestAuth" name="test_me_with_token" time="0.093" /><testcase classname="backend.tests.backend_test.TestAuth" name="test_change_password_wrong_current" time="0.609" /><testcase classname="backend.tests.backend_test.TestAuth" name="test_change_password_success_and_revert" time="1.621" /><testcase classname="backend.tests.backend_test.TestUsers" name="test_list_users_authenticated" time="0.097" /><testcase classname="backend.tests.backend_test.TestUsers" name="test_list_users_requires_auth" time="0.091" /><testcase classname="backend.tests.backend_test.TestUsers" name="test_create_user_forbidden_for_non_creator" time="0.094" /><testcase classname="backend.tests.backend_test.TestUsers" name="test_user_crud_as_creator" time="2.225" /><testcase classname="backend.tests.backend_test.TestUsers" name="test_cannot_delete_creator" time="0.183" /><testcase classname="backend.tests.backend_test.TestUsers" name="test_update_user_forbidden_for_non_creator" time="0.192" /><testcase classname="backend.tests.backend_test.TestMeta" name="test_meta_options" time="0.095" /><testcase classname="backend.tests.backend_test.TestFiles" name="test_upload_requires_auth" time="0.092" /><testcase classname="backend.tests.backend_test.TestFiles" name="test_upload_and_fetch" time="0.875" /><testcase classname="backend.tests.backend_test.TestSpareParts" name="test_create_validation_missing_required" time="0.099" /><testcase classname="backend.tests.backend_test.TestSpareParts" name="test_get_by_id" time="0.183" /><testcase classname="backend.tests.backend_test.TestSpareParts" name="test_list_with_filters_and_pagination" time="0.231" /><testcase classname="backend.tests.backend_test.TestSpareParts" name="test_pagination_consistency" time="0.475" /><testcase classname="backend.tests.backend_test.TestSpareParts" name="test_penawaran_then_nego" time="0.190" /><testcase classname="backend.tests.backend_test.TestSpareParts" name="test_afa_precedence" time="0.096" /><testcase classname="backend.tests.backend_test.TestSpareParts" name="test_po" time="0.095" /><testcase classname="backend.tests.backend_test.TestSpareParts" name="test_datang" time="0.101" /><testcase classname="backend.tests.backend_test.TestSpareParts" name="test_stamp" time="0.345" /><testcase classname="backend.tests.backend_test.TestSpareParts" name="test_delete_forbidden_for_user" time="0.102" /><testcase classname="backend.tests.backend_test.TestSpareParts" name="test_delete_by_creator" time="0.185" /><testcase classname="backend.tests.backend_test.TestDashboardReports" name="test_dashboard_all_lines[pressing]" time="0.093" /><testcase classname="backend.tests.backend_test.TestDashboardReports" name="test_dashboard_all_lines[welding]" time="0.095" /><testcase classname="backend.tests.backend_test.TestDashboardReports" name="test_dashboard_all_lines[painting]" time="0.115" /><testcase classname="backend.tests.backend_test.TestDashboardReports" name="test_dashboard_all_lines[injection]" time="0.089" /><testcase classname="backend.tests.backend_test.TestDashboardReports" name="test_dashboard_all_lines[seat]" time="0.102" /><testcase classname="backend.tests.backend_test.TestDashboardReports" name="test_dashboard_all_lines[assembling]" time="0.094" /><testcase classname="backend.tests.backend_test.TestDashboardReports" name="test_dashboard_all_lines[final-inspection]" time="0.104" /><testcase classname="backend.tests.backend_test.TestDashboardReports" name="test_monthly_report" time="0.471" /></testsuite></testsuites>