<?xml version="1.0" encoding="utf-8"?><testsuites name="pytest tests"><testsuite name="pytest" errors="0" failures="1" skipped="0" tests="16" time="4.495" timestamp="2026-06-30T03:24:11.787172+00:00" hostname="agent-env-c3fac017-aabe-4e6a-94d2-72a2572f4ef9"><testcase classname="backend.tests.test_smart_tc_v3.TestDashboardSummary" name="test_summary_default_returns_summary_block" time="0.629" /><testcase classname="backend.tests.test_smart_tc_v3.TestDashboardSummary" name="test_summary_with_filters" time="0.101" /><testcase classname="backend.tests.test_smart_tc_v3.TestDashboardSummary" name="test_summary_requires_auth" time="0.141" /><testcase classname="backend.tests.test_smart_tc_v3.TestMasterLookup" name="test_lookup_with_q_returns_items" time="0.104" /><testcase classname="backend.tests.test_smart_tc_v3.TestMasterLookup" name="test_lookup_field_part_name_returns_values_array" time="0.135" /><testcase classname="backend.tests.test_smart_tc_v3.TestMasterLookup" name="test_lookup_field_type_cascaded_by_part_name" time="0.239" /><testcase classname="backend.tests.test_smart_tc_v3.TestDeleteWithReverseOUT" name="test_stock_impact_no_in_returns_false" time="0.629" /><testcase classname="backend.tests.test_smart_tc_v3.TestDeleteWithReverseOUT" name="test_stock_impact_and_delete_reverse_flow" time="0.700"><failure message="AssertionError: expected 13 got 10&#10;assert 10 == 13">backend/tests/test_smart_tc_v3.py:176: in test_stock_impact_and_delete_reverse_flow
    assert mafter["current_stock"] == 13, f"expected 13 got {mafter['current_stock']}"
E   AssertionError: expected 13 got 10
E   assert 10 == 13</failure></testcase><testcase classname="backend.tests.test_smart_tc_v3.TestStockSummary" name="test_summary_shape" time="0.129" /><testcase classname="backend.tests.test_smart_tc_v3.TestMovements" name="test_list_movements" time="0.105" /><testcase classname="backend.tests.test_smart_tc_v3.TestMovements" name="test_movement_monthly_report" time="0.096" /><testcase classname="backend.tests.test_smart_tc_v3.TestMasterPagination" name="test_supported_page_sizes[20]" time="0.114" /><testcase classname="backend.tests.test_smart_tc_v3.TestMasterPagination" name="test_supported_page_sizes[40]" time="0.097" /><testcase classname="backend.tests.test_smart_tc_v3.TestMasterPagination" name="test_supported_page_sizes[80]" time="0.103" /><testcase classname="backend.tests.test_smart_tc_v3.TestMasterPagination" name="test_supported_page_sizes[100]" time="0.115" /><testcase classname="backend.tests.test_smart_tc_v3.TestMasterPagination" name="test_master_part_no_mongo_id_leak" time="0.945" /></testsuite></testsuites>