<?xml version="1.0" encoding="utf-8"?><testsuites name="pytest tests"><testsuite name="pytest" errors="0" failures="0" skipped="0" tests="22" time="8.839" timestamp="2026-06-26T04:17:23.674690+00:00" hostname="agent-env-c3fac017-aabe-4e6a-94d2-72a2572f4ef9"><testcase classname="backend.tests.test_smart_tc_v2.TestLevelPartCreate" name="test_missing_level_part_returns_422" time="0.682" /><testcase classname="backend.tests.test_smart_tc_v2.TestLevelPartCreate" name="test_invalid_level_part_returns_422" time="0.139" /><testcase classname="backend.tests.test_smart_tc_v2.TestLevelPartCreate" name="test_each_valid_level_part_accepted[Critical]" time="0.261" /><testcase classname="backend.tests.test_smart_tc_v2.TestLevelPartCreate" name="test_each_valid_level_part_accepted[Substitusi]" time="0.196" /><testcase classname="backend.tests.test_smart_tc_v2.TestLevelPartCreate" name="test_each_valid_level_part_accepted[Stock]" time="0.280" /><testcase classname="backend.tests.test_smart_tc_v2.TestLevelPartCreate" name="test_missing_other_required_str_returns_422" time="0.103" /><testcase classname="backend.tests.test_smart_tc_v2.TestStoredStatus" name="test_initial_status_request" time="0.570" /><testcase classname="backend.tests.test_smart_tc_v2.TestStoredStatus" name="test_penawaran_then_nego_updates_stored_status" time="0.341" /><testcase classname="backend.tests.test_smart_tc_v2.TestStoredStatus" name="test_afa_po_datang_status_chain" time="0.314" /><testcase classname="backend.tests.test_smart_tc_v2.TestStoredStatus" name="test_history_array_still_appended" time="0.246" /><testcase classname="backend.tests.test_smart_tc_v2.TestFiltersAndPagination" name="test_filter_by_level_part" time="0.310" /><testcase classname="backend.tests.test_smart_tc_v2.TestFiltersAndPagination" name="test_pagination_skip_limit" time="1.401" /><testcase classname="backend.tests.test_smart_tc_v2.TestPatchEditPermissionsAndAudit" name="test_requestor_can_edit_own" time="0.326" /><testcase classname="backend.tests.test_smart_tc_v2.TestPatchEditPermissionsAndAudit" name="test_other_user_cannot_edit_403" time="0.612" /><testcase classname="backend.tests.test_smart_tc_v2.TestPatchEditPermissionsAndAudit" name="test_creator_can_edit_anyones" time="0.290" /><testcase classname="backend.tests.test_smart_tc_v2.TestPatchEditPermissionsAndAudit" name="test_no_change_no_history_entry" time="0.400" /><testcase classname="backend.tests.test_smart_tc_v2.TestPatchEditPermissionsAndAudit" name="test_invalid_level_part_422" time="0.286" /><testcase classname="backend.tests.test_smart_tc_v2.TestPatchEditPermissionsAndAudit" name="test_invalid_lampiran_status_422" time="0.294" /><testcase classname="backend.tests.test_smart_tc_v2.TestPatchEditPermissionsAndAudit" name="test_lampiran_done_persists" time="0.407" /><testcase classname="backend.tests.test_smart_tc_v2.TestPatchEditPermissionsAndAudit" name="test_patch_nonexistent_returns_404" time="0.099" /><testcase classname="backend.tests.test_smart_tc_v2.TestFotoDatang" name="test_upload_then_attach_foto_datang" time="0.672" /><testcase classname="backend.tests.test_smart_tc_v2.TestBackfill" name="test_all_parts_have_new_fields" time="0.509" /></testsuite></testsuites>