<?xml version="1.0" encoding="utf-8"?><testsuites name="pytest tests"><testsuite name="pytest" errors="0" failures="0" skipped="0" tests="17" time="3.458" timestamp="2026-06-30T04:29:28.371772+00:00" hostname="agent-env-c3fac017-aabe-4e6a-94d2-72a2572f4ef9"><testcase classname="backend.tests.test_smart_tc_v4.TestLineAreaValidationCreateUpdate" name="test_create_with_invalid_assembling_returns_422" time="0.568" /><testcase classname="backend.tests.test_smart_tc_v4.TestLineAreaValidationCreateUpdate" name="test_create_with_invalid_fi_returns_422" time="0.098" /><testcase classname="backend.tests.test_smart_tc_v4.TestLineAreaValidationCreateUpdate" name="test_create_with_invalid_final_inspection_returns_422" time="0.108" /><testcase classname="backend.tests.test_smart_tc_v4.TestLineAreaValidationCreateUpdate" name="test_create_with_valid_assembling_and_fi_returns_200" time="0.225" /><testcase classname="backend.tests.test_smart_tc_v4.TestLineAreaValidationCreateUpdate" name="test_update_with_invalid_assembling_returns_422" time="0.280" /><testcase classname="backend.tests.test_smart_tc_v4.TestLineAreaValidationCreateUpdate" name="test_update_with_valid_returns_200" time="0.294" /><testcase classname="backend.tests.test_smart_tc_v4.TestImportPreviewValidation" name="test_import_preview_invalid_line_returns_422" time="0.088" /><testcase classname="backend.tests.test_smart_tc_v4.TestImportPreviewValidation" name="test_import_preview_valid_welding_returns_200" time="0.095" /><testcase classname="backend.tests.test_smart_tc_v4.TestInvalidLinesEndpoint" name="test_invalid_lines_shape" time="0.110" /><testcase classname="backend.tests.test_smart_tc_v4.TestInvalidLinesEndpoint" name="test_invalid_lines_requires_auth" time="0.089" /><testcase classname="backend.tests.test_smart_tc_v4.TestResetAllEndpoint" name="test_reset_all_non_creator_403" time="0.409" /><testcase classname="backend.tests.test_smart_tc_v4.TestResetAllEndpoint" name="test_reset_all_unauthenticated_returns_401_or_403" time="0.093" /><testcase classname="backend.tests.test_smart_tc_v4.TestNormalizeLineNoSilentMigration" name="test_filter_assembling_returns_only_legacy_assembling" time="0.093" /><testcase classname="backend.tests.test_smart_tc_v4.TestNormalizeLineNoSilentMigration" name="test_filter_valid_assembling_and_fi" time="0.095" /><testcase classname="backend.tests.test_smart_tc_v4.TestRequestFormAutocompleteRegression" name="test_lookup_q_still_works" time="0.092" /><testcase classname="backend.tests.test_smart_tc_v4.TestStockSummaryByLine" name="test_stock_summary_specific_line" time="0.098" /><testcase classname="backend.tests.test_smart_tc_v4.TestStockSummaryByLine" name="test_stock_summary_no_line" time="0.534" /></testsuite></testsuites>